
[2025-11-05T14:41:48.741Z] [INFO] Remote logging test: INFO level message
[2025-11-05T14:41:48.980Z] [WARN] Remote logging test: WARN level message
[2025-11-05T14:41:49.215Z] [ERROR] Remote logging test: ERROR level message
[2025-11-05T14:59:26.802Z] [INFO] Remote logging test: INFO level message
[2025-11-05T14:59:27.337Z] [WARN] Remote logging test: WARN level message
[2025-11-05T14:59:27.614Z] [ERROR] Remote logging test: ERROR level message
[2025-11-05T15:00:11.788Z] [DEBUG] [DEBUG] setCollapsed: menuTop collapsed=false
[2025-11-05T15:00:12.045Z] [DEBUG] [DEBUG] setCollapsed: menuBottom collapsed=false
[2025-11-05T15:00:12.280Z] [DEBUG] [DEBUG] captureGuiState: MapPoints collapsed=false
[2025-11-05T15:00:25.078Z] [DEBUG] [DEBUG] showContent: mapPoints
[2025-11-05T15:00:25.313Z] [DEBUG] [DEBUG] setCollapsed: mapPoints collapsed=false
[2025-11-05T15:00:25.559Z] [DEBUG] [DEBUG] setCollapsed: menuTop collapsed=false
[2025-11-05T15:00:25.789Z] [DEBUG] [DEBUG] setCollapsed: menuBottom collapsed=true
[2025-11-05T15:00:26.018Z] [DEBUG] [DEBUG] captureGuiState: MapPoints collapsed=false
[2025-11-05T15:24:36.411Z] [DEBUG] [GUI-STATE] showContent(null) called from:     at Object.action (https://kkk.kaminooo.com/app.js:766:11) |     at HTMLButtonElement.<anonymous> (https://kkk.kaminooo.com/app.js:5148:9)
[2025-11-05T15:24:36.641Z] [DEBUG] [GUI-STATE] Skipping capture (Settings open/close), previousContent=settings, currentContent=null
[2025-11-05T15:24:40.040Z] [DEBUG] [GUI-STATE] showContent(settings) called from:     at openSettings (https://kkk.kaminooo.com/app.js:4698:3) |     at Object.action (https://kkk.kaminooo.com/app.js:941:9)
[2025-11-05T15:24:40.259Z] [DEBUG] [GUI-STATE] Skipping capture (Settings open/close), previousContent=null, currentContent=settings
[2025-11-05T15:24:40.477Z] [DEBUG] [SETTINGS] openSettings: remoteLogging checkbox before=true, Config.RemoteLogging=true
[2025-11-05T15:24:40.688Z] [DEBUG] [SETTINGS] openSettings: remoteLogging checkbox after=true
[2025-11-05T15:25:22.267Z] [DEBUG] [GUI-STATE] showContent(null) called from:     at Object.action (https://kkk.kaminooo.com/app.js:766:11) |     at HTMLButtonElement.<anonymous> (https://kkk.kaminooo.com/app.js:5148:9)
[2025-11-05T15:25:22.489Z] [DEBUG] [GUI-STATE] Skipping capture (Settings open/close), previousContent=settings, currentContent=null
[2025-11-05T15:25:23.910Z] [DEBUG] [GUI-STATE] showContent(settings) called from:     at openSettings (https://kkk.kaminooo.com/app.js:4698:3) |     at Object.action (https://kkk.kaminooo.com/app.js:941:9)
[2025-11-05T15:25:24.140Z] [DEBUG] [GUI-STATE] Skipping capture (Settings open/close), previousContent=null, currentContent=settings
[2025-11-05T15:25:24.369Z] [DEBUG] [SETTINGS] openSettings: remoteLogging checkbox before=true, Config.RemoteLogging=true
[2025-11-05T15:25:24.593Z] [DEBUG] [SETTINGS] openSettings: remoteLogging checkbox after=true
[2025-11-05T15:25:27.106Z] [DEBUG] [GUI-STATE] input event: target=set-remoteLogging, isSettingsInput=true, settingsSection=true
[2025-11-05T15:25:27.336Z] [DEBUG] [GUI-STATE] Skipping capture for settings input
[2025-11-05T15:25:27.554Z] [DEBUG] [GUI-STATE] change event: target=set-remoteLogging, isSettingsInput=true, settingsSection=true
[2025-11-05T15:25:27.769Z] [DEBUG] [GUI-STATE] Skipping capture for settings input
[2025-11-05T15:25:29.081Z] [DEBUG] [GUI-STATE] showContent(null) called from:     at Object.action (https://kkk.kaminooo.com/app.js:766:11) |     at HTMLButtonElement.<anonymous> (https://kkk.kaminooo.com/app.js:5148:9)
[2025-11-05T15:25:29.310Z] [DEBUG] [GUI-STATE] Skipping capture (Settings open/close), previousContent=settings, currentContent=null
[2025-11-05T15:25:30.906Z] [DEBUG] [GUI-STATE] showContent(settings) called from:     at openSettings (https://kkk.kaminooo.com/app.js:4698:3) |     at Object.action (https://kkk.kaminooo.com/app.js:941:9)
[2025-11-05T15:25:31.131Z] [DEBUG] [GUI-STATE] Skipping capture (Settings open/close), previousContent=null, currentContent=settings
[2025-11-05T15:25:31.375Z] [DEBUG] [SETTINGS] openSettings: remoteLogging checkbox before=false, Config.RemoteLogging=true
[2025-11-05T15:25:31.604Z] [DEBUG] [SETTINGS] openSettings: remoteLogging checkbox after=true
[2025-11-05T15:25:35.046Z] [DEBUG] [GUI-STATE] input event: target=set-remoteLogging, isSettingsInput=true, settingsSection=true
[2025-11-05T15:25:35.278Z] [DEBUG] [GUI-STATE] Skipping capture for settings input
[2025-11-05T15:25:35.500Z] [DEBUG] [GUI-STATE] change event: target=set-remoteLogging, isSettingsInput=true, settingsSection=true
[2025-11-05T15:25:35.723Z] [DEBUG] [GUI-STATE] Skipping capture for settings input
[2025-11-05T15:25:36.746Z] [DEBUG] [GUI-STATE] showContent(null) called from:     at Object.action (https://kkk.kaminooo.com/app.js:766:11) |     at HTMLButtonElement.<anonymous> (https://kkk.kaminooo.com/app.js:5148:9)
[2025-11-05T15:25:36.977Z] [DEBUG] [GUI-STATE] Skipping capture (Settings open/close), previousContent=settings, currentContent=null
[2025-11-05T15:25:38.290Z] [DEBUG] [GUI-STATE] showContent(settings) called from:     at openSettings (https://kkk.kaminooo.com/app.js:4698:3) |     at Object.action (https://kkk.kaminooo.com/app.js:941:9)
[2025-11-05T15:25:38.520Z] [DEBUG] [GUI-STATE] Skipping capture (Settings open/close), previousContent=null, currentContent=settings
[2025-11-05T15:25:38.737Z] [DEBUG] [SETTINGS] openSettings: remoteLogging checkbox before=false, Config.RemoteLogging=true
[2025-11-05T15:25:38.947Z] [DEBUG] [SETTINGS] openSettings: remoteLogging checkbox after=true
[2025-11-05T15:25:40.800Z] [DEBUG] [GUI-STATE] input event: target=set-remoteLogging, isSettingsInput=true, settingsSection=true
[2025-11-05T15:25:41.016Z] [DEBUG] [GUI-STATE] Skipping capture for settings input
[2025-11-05T15:25:41.240Z] [DEBUG] [GUI-STATE] change event: target=set-remoteLogging, isSettingsInput=true, settingsSection=true
[2025-11-05T15:25:41.451Z] [DEBUG] [GUI-STATE] Skipping capture for settings input
[2025-11-05T15:25:55.869Z] [DEBUG] [GUI-STATE] showContent(null) called from:     at Object.action (https://kkk.kaminooo.com/app.js:766:11) |     at HTMLButtonElement.<anonymous> (https://kkk.kaminooo.com/app.js:5148:9)
[2025-11-05T15:25:56.086Z] [DEBUG] [GUI-STATE] Skipping capture (Settings open/close), previousContent=settings, currentContent=null
[2025-11-05T15:25:57.433Z] [DEBUG] [GUI-STATE] showContent(settings) called from:     at openSettings (https://kkk.kaminooo.com/app.js:4698:3) |     at Object.action (https://kkk.kaminooo.com/app.js:941:9)
[2025-11-05T15:25:57.645Z] [DEBUG] [GUI-STATE] Skipping capture (Settings open/close), previousContent=null, currentContent=settings
[2025-11-05T15:25:57.868Z] [DEBUG] [SETTINGS] openSettings: remoteLogging checkbox before=true, Config.RemoteLogging=true
[2025-11-05T15:25:58.109Z] [DEBUG] [SETTINGS] openSettings: remoteLogging checkbox after=true
[2025-11-05T15:25:59.926Z] [DEBUG] [GUI-STATE] input event: target=set-remoteLogging, isSettingsInput=true, settingsSection=true
[2025-11-05T15:26:00.140Z] [DEBUG] [GUI-STATE] Skipping capture for settings input
[2025-11-05T15:26:00.360Z] [DEBUG] [GUI-STATE] change event: target=set-remoteLogging, isSettingsInput=true, settingsSection=true
[2025-11-05T15:26:00.592Z] [DEBUG] [GUI-STATE] Skipping capture for settings input
[2025-11-05T15:26:01.611Z] [DEBUG] [GUI-STATE] showContent(null) called from:     at Object.action (https://kkk.kaminooo.com/app.js:766:11) |     at HTMLButtonElement.<anonymous> (https://kkk.kaminooo.com/app.js:5148:9)
[2025-11-05T15:26:01.836Z] [DEBUG] [GUI-STATE] Skipping capture (Settings open/close), previousContent=settings, currentContent=null
[2025-11-05T15:26:02.998Z] [DEBUG] [GUI-STATE] showContent(settings) called from:     at openSettings (https://kkk.kaminooo.com/app.js:4698:3) |     at Object.action (https://kkk.kaminooo.com/app.js:941:9)
[2025-11-05T15:26:03.236Z] [DEBUG] [GUI-STATE] Skipping capture (Settings open/close), previousContent=null, currentContent=settings
[2025-11-05T15:26:03.462Z] [DEBUG] [SETTINGS] openSettings: remoteLogging checkbox before=false, Config.RemoteLogging=true
[2025-11-05T15:26:03.686Z] [DEBUG] [SETTINGS] openSettings: remoteLogging checkbox after=true
