[2025-11-06T12:49:30.218Z] [DEBUG] divider mouseMove called: moveCount=1
[2025-11-06T12:49:31.318Z] [DEBUG] divider mouseMove called: moveCount=11
[2025-11-06T12:49:33.586Z] [DEBUG] handleFullscreenResize called: fullscreen=false, isDragging=false
[2025-11-06T12:49:34.246Z] [DEBUG] handleFullscreenResize called: fullscreen=true, isDragging=false
[2025-11-06T12:49:34.544Z] [DEBUG] handleFullscreenResize: updating body height to 667
[2025-11-06T12:49:35.405Z] [DEBUG] divider mouseMove called: moveCount=21
[2025-11-06T12:49:36.535Z] [DEBUG] divider mouseMove called: moveCount=31
[2025-11-06T12:49:37.486Z] [DEBUG] divider mouseMove called: moveCount=41
[2025-11-06T12:49:38.547Z] [DEBUG] divider mouseMove called: moveCount=51
[2025-11-06T12:50:29.702Z] [DEBUG] FS: window.innerHeight: 900
[2025-11-06T12:50:29.937Z] [DEBUG] FS: document.body.offsetHeight: 699
[2025-11-06T12:50:30.174Z] [DEBUG] FS: document.body.style.height: 699px
[2025-11-06T12:50:30.407Z] [DEBUG] FS: mapPoints dimensions: 1600x652
[2025-11-06T12:50:30.657Z] [DEBUG] FS: menuBottom collapsed: true, dimensions: 1600x47
[2025-11-06T12:50:30.915Z] [DEBUG] FS: menuBottom content display: none
[2025-11-06T12:50:31.274Z] [DEBUG] FS: mapPoints-container dimensions: 1600x629
[2025-11-06T12:50:31.554Z] [DEBUG] FS: List visible: true, dimensions: 502x629
[2025-11-06T12:50:31.795Z] [DEBUG] FS: Map visible: true, dimensions: 1090x629
[2025-11-06T12:50:32.030Z] [DEBUG] FS: Divider visible: true
[2025-11-06T12:50:32.267Z] [DEBUG] FS: State.mapPointsView.showList: true
[2025-11-06T12:50:32.501Z] [DEBUG] FS: State.mapPointsView.showMap: true
